Loading data model 'Flux_model.stp'
Recording commands in 'D:\Pravica\Preflu2D_log.py'
Trace in file FLUX.esp
                                         ----------------------------------------------
                                         | PREFLU_9.3.2 : Finite Element preprocessor |
                                         |            200 Mo N. + 16 Mo C.            |
                                         |              Build 0612081936              |
                                         ----------------------------------------------

Preflu2D (application 9.30) running

Loading new project
Creating ANONYM
DomainType(DOMAIN1) created.
The occurrency created becomes active.
... end loading new project
Saving project 'vj6'
14:06:19     20 sec. Start save ...
14:06:22     22 sec. ... end save
14:06:22     22 sec. End writing
Error 1 - Mesh not build: File D:\PRAVICA\VJ6.TRA not created
No recording of .TRA file has been made.
... end saving project
 
Multiplying coefficient for the flux in the coils and for coupling with electrical circuits :
Automatically calculated value = 1
 
   Application[2] create
   Point[1] create
   Point[2] create
Error 2 - POINT already existing
Failed to create a new instance of Point.
Can not execute the following command :
PointCoordinates(color=Color['White'],
                 visibility=Visibility['VISIBLE'],
                 coordSys=CoordSys['XY1'],
                 uvw=['0',
                      '-20'],
                 nature=Nature['STANDARD'])
   Point[3] create
   Point[4] create
   Point[5] create
   Point[6] create
   Point[7] create
   Point[8] create
   Point[9] create
   Point[10] create
   Point[11] create
   Point[12] create
Error 3 - POINT already existing
Failed to create a new instance of Point.
Can not execute the following command :
PointCoordinates(color=Color['White'],
                 visibility=Visibility['VISIBLE'],
                 coordSys=CoordSys['XY1'],
                 uvw=['0',
                      '-40'],
                 nature=Nature['STANDARD'])
   Point[13] create
   Point[14] create
   Point[15] create
   Point[16] create
   Point[17] create
   Point[17] modify
   Point[18] create
   Point[19] create
   Point[20] create
   Line[1] create
   Line[2] create
   Line[3] create
   Line[4] create
   Line[5] create
   Line[6] create
   Line[7] create
   Line[8] create
   Line[9] create
   Line[10] create
   Line[11] create
   Line[12] create
   Line[13] create
   Line[14] create
   Line[15] create
   Line[16] create
   Line[17] create
   Line[18] create
   Line[19] create
   Line[20] create
   Line[21] create
   Line[22] create
No line-line intersections
Number of surfaces found : 1
Checking the unicity of auxiliary points
Looking for identical points, minimum distance between 2 points is 0.156E-05
Checking the unicity of lines
Creation of 3 FACES :
1  2  3
   buildFaces executed
 
The following faces are not inside any surface region:
1  2  3
Please use the "Assign regions to faces" command in the "Physics" menu.
 
 
Meshing of 3 faces
 
Automatic mesh of 22 lines
 
****  W A R N I N G  ****
 
Incomplete mesh information for lines:
1  2  3  4  5  6  7  8  9  10  11  12  13  14  15  16  17  18  19  20  21  22
 
The following points have no MESH:
1  2  3  4  5  6  7  8  9  10  11  12  13  14  15  16  17  18  19  20
These entities are set to a MESH value equal to 0.01562
 
****  End of W A R N I N G  messages  ****
 
14:16:16    616 sec. Internal meshing of the lines
 
Automatic meshing of 3  faces
Boundary meshing of the faces achieved in 1 iteration(s)
Internal meshing of the 3 faces
Faces internal meshing achieved
End of topological mesh regularization
14:16:16    616 sec.      44 1st order surfacic elements created
14:16:16    617 sec. Generating 2nd order elements is running
  Total number of nodes --> 135
14:16:16    617 sec. End generating 2nd order elements
 
Surface elements :
   Number of elements not evaluated     : 0  %
   Number of excellent quality elements : 100  %
   Number of good quality elements      : 0  %
   Number of average quality elements   : 0  %
   Number of poor quality elements      : 0  %
   Number of abnormal elements          : 0  %
   meshFaces executed
   deleteMesh executed
   Point[21] create
   Point[22] create
   Point[23] create
   Point[24] create
   Line[23] create
   Line[24] create
   Line[25] create
   Line[26] create
No line-line intersections
Number of surfaces found : 1
Checking the unicity of auxiliary points
Looking for identical points, minimum distance between 2 points is 0.424E-05
Checking the unicity of lines
Creation of 1 FACE
4
   buildFaces executed
 
The following faces are not inside any surface region:
1  2  3  4
Please use the "Assign regions to faces" command in the "Physics" menu.
 
 
Meshing of 4 faces
 
Automatic mesh of 26 lines
 
****  W A R N I N G  ****
 
Incomplete mesh information for lines:
1  2  3  4  5  6  7  8  9  10  11  12  13  14  15  16  17  18  19  20  21  22  23  24  25  26
 
The following points have no MESH:
1  2  3  4  5  6  7  8  9  10  11  12  13  14  15  16  17  18  19  20  21  22  23  24
These entities are set to a MESH value equal to 0.042426
 
****  End of W A R N I N G  messages  ****
 
14:20:12    852 sec. Internal meshing of the lines
 
Automatic meshing of 4  faces
Boundary meshing of the faces achieved in 2 iteration(s)
Internal meshing of the 4 faces
Faces internal meshing achieved
End of topological mesh regularization
14:20:12    852 sec.     108 1st order surfacic elements created
14:20:12    852 sec. Generating 2nd order elements is running
  Total number of nodes --> 245
14:20:12    852 sec. End generating 2nd order elements
 
Surface elements :
   List of poor quality elements :
      42      50      77
 
Surface elements :
   Number of elements not evaluated     : 0  %
   Number of excellent quality elements : 91.67  %
   Number of good quality elements      : 3.7  %
   Number of average quality elements   : 1.85  %
   Number of poor quality elements      : 2.78  %
   Number of abnormal elements          : 0  %
   meshFaces executed
   RegionFace[ZRAK] create
   Material[MATERIAL_1] create
   RegionFace[ZAVOJ] create
   RegionFace[ZAVOJ_2] create
   RegionLine[RUB] create
   assignRegionToFaces executed
   assignRegionToFaces executed
   assignRegionToFaces executed
   assignRegion executed
 
The following faces are not inside any surface region:
1
Please use the "Assign regions to faces" command in the "Physics" menu.
 
 
*** WARNING : the problem has not been solved ***
 
14:28:22    1342 sec. Beginning of mesh verification...
14:28:22    1342 sec. End of mesh verification
14:28:22   1342 sec. Beginning of export. MAG.TRA
 
The following faces are not inside any surface region:
1
Please use the "Assign regions to faces" command in the "Physics" menu.
 
 
*** Several faces have not been associated with regions, ***
*** only the facesassociated with a region are           ***
*** exported to FLUX2D                                   ***
 
 
*** No writting of the physical description of the problem     ***
*** on the .TRA file, and no writting of the possible circuit. ***
 
14:28:22   1342 sec. End of export.
   exportMeshAndPhysicalDescriptionToTRA executed
Error 4 - *** WARNING : the problem has not been solved ***
 *** Several faces have not been associated with regions, ***
*** only the facesassociated with a region are           ***
*** exported to FLUX2D                                   ***
 *** No writting of the physical description of the problem     ***
*** on the .TRA file, and no writting of the possible circuit. ***
   Material[ZELJEZO] create
   RegionFace[ZELJEZO] create
   RegionFace[ZELJEZO_1] create
   assignRegionToFaces executed
 
The following surface regions are empty:
5
Modification possible using ASSIGN_REGIONS FACE.
 
Updating visualization of 3 faces.
 
*** WARNING : the problem has not been solved ***
 
14:32:07    1567 sec. Beginning of mesh verification...
14:32:07    1567 sec. End of mesh verification
14:32:07   1567 sec. Beginning of export. MAG.TRA
 
Multiplying coefficient for the flux in the coils and for coupling with electrical circuits :
Automatically calculated value = 1
 
14:32:07   1568 sec. End of export.
   exportMeshAndPhysicalDescriptionToTRA executed
Error 5 - *** WARNING : the problem has not been solved ***
Saving project 'vj6.FLU'
14:32:37   1597 sec. Start save ...
14:32:40   1600 sec. ... end save
14:32:40   1600 sec. Writing of the file D:\PRAVICA\VJ6.TRA
 
Multiplying coefficient for the flux in the coils and for coupling with electrical circuits :
Automatically calculated value = 1
 
14:32:40   1601 sec. End writing
... end saving project
Closing project
Close of D:/PRAVICA/VJ6
... end closing project
